<?xml version="1.0" encoding="UTF-8"?>
<!-- Generated by org.testng.reporters.JUnitReportReporter -->
<testsuite hostname="DESKTOP-F40K7Q7" failures="0" tests="4" name="com.crm.qa.testcases.LoginPageTest" time="106.410" errors="0" timestamp="2021-02-11T14:12:38 EST" skipped="0">
  <testcase classname="com.crm.qa.testcases.LoginPageTest" name="HomePageTitleTest" time="20.581"/>
  <system-out/>
  <testcase classname="com.crm.qa.testcases.LoginPageTest" name="totalLinksOnHomePage" time="38.976"/>
  <system-out/>
  <testcase classname="com.crm.qa.testcases.LoginPageTest" name="validateuserTest" time="20.379"/>
  <system-out/>
  <testcase classname="com.crm.qa.testcases.LoginPageTest" name="validateContactLinkTest" time="26.474"/>
  <system-out/>
</testsuite> <!-- com.crm.qa.testcases.LoginPageTest -->
