<?xml version="1.0" encoding="UTF-8"?>
<!-- Generated by org.testng.reporters.JUnitReportReporter -->
<testsuite hostname="DESKTOP-F40K7Q7" failures="0" tests="3" name="com.crm.qa.testcases.CompanyPageTest" time="85.665" errors="0" timestamp="2021-02-12T11:39:41 EST" skipped="0">
  <testcase classname="com.crm.qa.testcases.CompanyPageTest" name="CompanyLink" time="25.766"/>
  <system-out/>
  <testcase classname="com.crm.qa.testcases.CompanyPageTest" name="newCompanylink" time="29.691"/>
  <system-out/>
  <testcase classname="com.crm.qa.testcases.CompanyPageTest" name="newCompnyFormData" time="30.208"/>
  <system-out/>
</testsuite> <!-- com.crm.qa.testcases.CompanyPageTest -->
