<?xml version="1.0" encoding="UTF-8"?>
<!-- Generated by org.testng.reporters.JUnitReportReporter -->
<testsuite hostname="DESKTOP-F40K7Q7" failures="0" tests="3" name="com.crm.qa.testcases.ContactsPageTest" time="64.426" errors="0" timestamp="2021-02-11T14:12:38 EST" skipped="0">
  <testcase classname="com.crm.qa.testcases.ContactsPageTest" name="contactLinkTest" time="19.054"/>
  <system-out/>
  <testcase classname="com.crm.qa.testcases.ContactsPageTest" name="tlinks" time="22.057"/>
  <system-out/>
  <testcase classname="com.crm.qa.testcases.ContactsPageTest" name="hooverOverContact" time="23.315"/>
  <system-out/>
</testsuite> <!-- com.crm.qa.testcases.ContactsPageTest -->
