<?xml version="1.0" encoding="UTF-8"?>
<!-- Generated by org.testng.reporters.JUnitReportReporter -->
<testsuite hostname="DESKTOP-F40K7Q7" failures="0" tests="3" name="com.crm.qa.testcases.SignUpPageTest" time="64.764" errors="0" timestamp="2021-04-01T10:36:46 EDT" skipped="0">
  <testcase classname="com.crm.qa.testcases.SignUpPageTest" name="SignUpLinkTest" time="20.418"/>
  <system-out/>
  <testcase classname="com.crm.qa.testcases.SignUpPageTest" name="totallinks" time="14.783"/>
  <system-out/>
  <testcase classname="com.crm.qa.testcases.SignUpPageTest" name="pricingLinkTest" time="29.563"/>
  <system-out/>
</testsuite> <!-- com.crm.qa.testcases.SignUpPageTest -->
