<?xml version="1.0" encoding="UTF-8"?>
<!-- Generated by org.testng.reporters.JUnitReportReporter -->
<testsuite hostname="DESKTOP-F40K7Q7" failures="0" tests="3" name="com.crm.qa.testcases.SignUpPageTest" time="48.314" errors="0" timestamp="2021-02-11T14:12:38 EST" skipped="0">
  <testcase classname="com.crm.qa.testcases.SignUpPageTest" name="SignUpLinkTest" time="14.626"/>
  <system-out/>
  <testcase classname="com.crm.qa.testcases.SignUpPageTest" name="totallinks" time="14.667"/>
  <system-out/>
  <testcase classname="com.crm.qa.testcases.SignUpPageTest" name="pricingLinkTest" time="19.021"/>
  <system-out/>
</testsuite> <!-- com.crm.qa.testcases.SignUpPageTest -->
