<?xml version="1.0" encoding="UTF-8"?>
<!-- Generated by org.testng.reporters.JUnitReportReporter -->
<testsuite hostname="DESKTOP-F40K7Q7" failures="0" tests="3" name="com.crm.qa.testcases.DealsPageTest" time="87.509" errors="0" timestamp="2021-02-11T14:12:38 EST" skipped="0">
  <testcase classname="com.crm.qa.testcases.DealsPageTest" name="DealsFormTest" time="28.793"/>
  <system-out/>
  <testcase classname="com.crm.qa.testcases.DealsPageTest" name="DealsFormTest" time="29.862"/>
  <system-out/>
  <testcase classname="com.crm.qa.testcases.DealsPageTest" name="DealsFormTest" time="28.854"/>
  <system-out/>
</testsuite> <!-- com.crm.qa.testcases.DealsPageTest -->
