<?xml version="1.0" encoding="UTF-8"?>
<!-- Generated by org.testng.reporters.JUnitReportReporter -->
<testsuite hostname="DESKTOP-F40K7Q7" failures="0" tests="1" name="com.crm.qa.testcases.ReportPageTest" time="18.125" errors="0" timestamp="2021-02-11T14:12:38 EST" skipped="0">
  <testcase classname="com.crm.qa.testcases.ReportPageTest" name="reportlink" time="18.125"/>
  <system-out/>
</testsuite> <!-- com.crm.qa.testcases.ReportPageTest -->
