<?xml version="1.0" encoding="UTF-8"?>
<!-- Generated by org.testng.reporters.JUnitReportReporter -->
<testsuite hostname="DESKTOP-F40K7Q7" failures="0" tests="6" name="com.crm.qa.testcases.HomePageTest" time="157.082" errors="0" timestamp="2021-04-01T10:36:46 EDT" skipped="0">
  <testcase classname="com.crm.qa.testcases.HomePageTest" name="validateHomePageTitleTest" time="19.878"/>
  <system-out/>
  <testcase classname="com.crm.qa.testcases.HomePageTest" name="totalLinksOnHomePage" time="52.721"/>
  <system-out/>
  <testcase classname="com.crm.qa.testcases.HomePageTest" name="validateUserTest" time="19.147"/>
  <system-out/>
  <testcase classname="com.crm.qa.testcases.HomePageTest" name="validateContactLinkTest" time="22.910"/>
  <system-out/>
  <testcase classname="com.crm.qa.testcases.HomePageTest" name="validateDealLinkTest" time="18.960"/>
  <system-out/>
  <testcase classname="com.crm.qa.testcases.HomePageTest" name="addBoxesLinkTest" time="23.466"/>
  <system-out/>
</testsuite> <!-- com.crm.qa.testcases.HomePageTest -->
