<?xml version="1.0" encoding="UTF-8"?>
<!-- Generated by org.testng.reporters.JUnitReportReporter -->
<testsuite hostname="DESKTOP-F40K7Q7" failures="0" tests="1" name="com.crm.qa.testcases.DealsPageTest" time="0.000" errors="0" timestamp="2021-04-01T10:36:46 EDT" skipped="1">
  <testcase classname="com.crm.qa.testcases.DealsPageTest" name="DealsFormTest" time="0.000">
    <skipped/>
  </testcase> <!-- DealsFormTest -->
  <system-out/>
</testsuite> <!-- com.crm.qa.testcases.DealsPageTest -->
