<?xml version="1.0" encoding="UTF-8"?>
<!-- Generated by org.testng.reporters.JUnitReportReporter -->
<testsuite hostname="DESKTOP-F40K7Q7" failures="0" tests="5" name="com.crm.qa.testcases.Login_Test_DataTest" time="88.354" errors="0" timestamp="2021-04-01T10:36:46 EDT" skipped="0">
  <testcase classname="com.crm.qa.testcases.Login_Test_DataTest" name="testdata" time="16.555"/>
  <system-out/>
  <testcase classname="com.crm.qa.testcases.Login_Test_DataTest" name="testdata" time="17.018"/>
  <system-out/>
  <testcase classname="com.crm.qa.testcases.Login_Test_DataTest" name="testdata" time="17.166"/>
  <system-out/>
  <testcase classname="com.crm.qa.testcases.Login_Test_DataTest" name="testdata" time="16.170"/>
  <system-out/>
  <testcase classname="com.crm.qa.testcases.Login_Test_DataTest" name="testdata" time="21.445"/>
  <system-out/>
</testsuite> <!-- com.crm.qa.testcases.Login_Test_DataTest -->
